

***********************************************************************
Fatal NI connect error 12203, connecting to:
 (DESCRIPTION=(ADDRESS_LIST=(ADDRESS=(PROTOCOL=BEQ)(PROGRAM=oracle80)(ARGV0=oracle80ORCL)(ARGS='(DESCRIPTION=(LOCAL=YES)(ADDRESS=(PROTOCOL=beq)))')))(CONNECT_DATA=(SID=ORCL)(CID=(PROGRAM=C:\orant\BIN\ifrun60.EXE)(HOST=SHIV-PC)(USER=Shiv))))

  VERSION INFORMATION:
	TNS for 32-bit Windows: Version 8.0.6.0.0 - Production
  Time: 03-JAN-16 11:55:33
  Tracing not turned on.
  Tns error struct:
    nr err code: 12203
    TNS-12203: Message 12203 not found; No message file for product=NET80, facility=TNS
    ns main err code: 12538
    TNS-12538: Message 12538 not found; No message file for product=NET80, facility=TNS
    ns secondary err code: 12560
    nt main err code: 508
    TNS-00508: Message 508 not found; No message file for product=NET80, facility=TNS
    nt secondary err code: 0
    nt OS err code: 0


***********************************************************************
Fatal NI connect error 12203, connecting to:
 (DESCRIPTION=(ADDRESS_LIST=(ADDRESS=(PROTOCOL=BEQ)(PROGRAM=oracle80)(ARGV0=oracle80ORCL)(ARGS='(DESCRIPTION=(LOCAL=YES)(ADDRESS=(PROTOCOL=beq)))')))(CONNECT_DATA=(SID=ORCL)(CID=(PROGRAM=C:\orant\BIN\ifrun60.EXE)(HOST=SHIV-PC)(USER=Shiv))))

  VERSION INFORMATION:
	TNS for 32-bit Windows: Version 8.0.6.0.0 - Production
  Time: 03-JAN-16 11:55:39
  Tracing not turned on.
  Tns error struct:
    nr err code: 12203
    TNS-12203: Message 12203 not found; No message file for product=NET80, facility=TNS
    ns main err code: 12538
    TNS-12538: Message 12538 not found; No message file for product=NET80, facility=TNS
    ns secondary err code: 12560
    nt main err code: 508
    TNS-00508: Message 508 not found; No message file for product=NET80, facility=TNS
    nt secondary err code: 0
    nt OS err code: 0


***********************************************************************
Fatal NI connect error 12203, connecting to:
 (DESCRIPTION=(ADDRESS_LIST=(ADDRESS=(PROTOCOL=BEQ)(PROGRAM=oracle80)(ARGV0=oracle80ORCL)(ARGS='(DESCRIPTION=(LOCAL=YES)(ADDRESS=(PROTOCOL=beq)))')))(CONNECT_DATA=(SID=ORCL)(CID=(PROGRAM=C:\orant\BIN\ifrun60.EXE)(HOST=SHIV-PC)(USER=Shiv))))

  VERSION INFORMATION:
	TNS for 32-bit Windows: Version 8.0.6.0.0 - Production
  Time: 03-JAN-16 11:55:44
  Tracing not turned on.
  Tns error struct:
    nr err code: 12203
    TNS-12203: Message 12203 not found; No message file for product=NET80, facility=TNS
    ns main err code: 12538
    TNS-12538: Message 12538 not found; No message file for product=NET80, facility=TNS
    ns secondary err code: 12560
    nt main err code: 508
    TNS-00508: Message 508 not found; No message file for product=NET80, facility=TNS
    nt secondary err code: 0
    nt OS err code: 0


***********************************************************************
Fatal NI connect error 12203, connecting to:
 (DESCRIPTION=(ADDRESS_LIST=(ADDRESS=(PROTOCOL=BEQ)(PROGRAM=oracle80)(ARGV0=oracle80ORCL)(ARGS='(DESCRIPTION=(LOCAL=YES)(ADDRESS=(PROTOCOL=beq)))')))(CONNECT_DATA=(SID=ORCL)(CID=(PROGRAM=C:\orant\BIN\ifrun60.EXE)(HOST=SHIV-PC)(USER=Shiv))))

  VERSION INFORMATION:
	TNS for 32-bit Windows: Version 8.0.6.0.0 - Production
  Time: 03-JAN-16 12:03:33
  Tracing not turned on.
  Tns error struct:
    nr err code: 12203
    TNS-12203: Message 12203 not found; No message file for product=NET80, facility=TNS
    ns main err code: 12538
    TNS-12538: Message 12538 not found; No message file for product=NET80, facility=TNS
    ns secondary err code: 12560
    nt main err code: 508
    TNS-00508: Message 508 not found; No message file for product=NET80, facility=TNS
    nt secondary err code: 0
    nt OS err code: 0
